{
  "stats": {
    "suites": 1,
    "tests": 4,
    "passes": 4,
    "pending": 0,
    "failures": 0,
    "start": "2022-09-24T20:17:01.868Z",
    "end": "2022-09-24T20:17:09.153Z",
    "duration": 7285,
    "testsRegistered": 4,
    "passPercent": 100,
    "pendingPercent": 0,
    "other": 0,
    "hasOther": false,
    "skipped": 0,
    "hasSkipped": false
  },
  "results": [
    {
      "uuid": "c765a39c-51cb-49d8-a720-9824dffeb3d4",
      "title": "",
      "fullFile": "cypress\\e2e\\sampleTest\\viewport_test.cy.js",
      "file": "cypress\\e2e\\sampleTest\\viewport_test.cy.js",
      "beforeHooks": [],
      "afterHooks": [],
      "tests": [],
      "suites": [
        {
          "uuid": "b7057074-a74d-4364-9318-a9d70e005aab",
          "title": "testing different view ports",
          "fullFile": "",
          "file": "",
          "beforeHooks": [],
          "afterHooks": [],
          "tests": [
            {
              "title": "open in macbook-13",
              "fullTitle": "testing different view ports open in macbook-13",
              "timedOut": null,
              "duration": 2583,
              "state": "passed",
              "speed": "fast",
              "pass": true,
              "fail": false,
              "pending": false,
              "context": null,
              "code": "cy.viewport('macbook-13');\ncy.screenshot();\ncy.wait(200);",
              "err": {},
              "uuid": "d802ea5a-9573-49d5-8caa-e47c9c5302c0",
              "parentUUID": "b7057074-a74d-4364-9318-a9d70e005aab",
              "isHook": false,
              "skipped": false
            },
            {
              "title": "open in macbook-15",
              "fullTitle": "testing different view ports open in macbook-15",
              "timedOut": null,
              "duration": 1136,
              "state": "passed",
              "speed": "fast",
              "pass": true,
              "fail": false,
              "pending": false,
              "context": null,
              "code": "cy.viewport('macbook-15');\ncy.screenshot();\ncy.wait(200);",
              "err": {},
              "uuid": "60616fd7-620f-4470-9fb0-b96e8637f486",
              "parentUUID": "b7057074-a74d-4364-9318-a9d70e005aab",
              "isHook": false,
              "skipped": false
            },
            {
              "title": "open in iphone-x",
              "fullTitle": "testing different view ports open in iphone-x",
              "timedOut": null,
              "duration": 975,
              "state": "passed",
              "speed": "fast",
              "pass": true,
              "fail": false,
              "pending": false,
              "context": null,
              "code": "cy.viewport('iphone-x');\ncy.screenshot();\ncy.wait(200);",
              "err": {},
              "uuid": "02437af4-e31d-42e3-ac13-c1d453f05bd0",
              "parentUUID": "b7057074-a74d-4364-9318-a9d70e005aab",
              "isHook": false,
              "skipped": false
            },
            {
              "title": "open in samsung",
              "fullTitle": "testing different view ports open in samsung",
              "timedOut": null,
              "duration": 1162,
              "state": "passed",
              "speed": "fast",
              "pass": true,
              "fail": false,
              "pending": false,
              "context": null,
              "code": "cy.viewport('samsung-s10');\ncy.screenshot();\ncy.wait(200);",
              "err": {},
              "uuid": "060fc210-e09a-4137-9359-f2de2533e9a0",
              "parentUUID": "b7057074-a74d-4364-9318-a9d70e005aab",
              "isHook": false,
              "skipped": false
            }
          ],
          "suites": [],
          "passes": [
            "d802ea5a-9573-49d5-8caa-e47c9c5302c0",
            "60616fd7-620f-4470-9fb0-b96e8637f486",
            "02437af4-e31d-42e3-ac13-c1d453f05bd0",
            "060fc210-e09a-4137-9359-f2de2533e9a0"
          ],
          "failures": [],
          "pending": [],
          "skipped": [],
          "duration": 5856,
          "root": false,
          "rootEmpty": false,
          "_timeout": 2000
        }
      ],
      "passes": [],
      "failures": [],
      "pending": [],
      "skipped": [],
      "duration": 0,
      "root": true,
      "rootEmpty": true,
      "_timeout": 2000
    }
  ],
  "meta": {
    "mocha": {
      "version": "7.0.1"
    },
    "mochawesome": {
      "options": {
        "quiet": false,
        "reportFilename": "report",
        "saveHtml": true,
        "saveJson": true,
        "consoleReporter": "spec",
        "useInlineDiffs": false,
        "code": true
      },
      "version": "7.1.3"
    },
    "marge": {
      "options": {
        "reportDir": "cypress/reports",
        "reportFilename": "report",
        "overwrite": false,
        "html": true,
        "json": true,
        "charts": true
      },
      "version": "6.2.0"
    }
  }
}