{
  "stats": {
    "suites": 1,
    "tests": 1,
    "passes": 1,
    "pending": 0,
    "failures": 0,
    "start": "2022-09-24T20:16:20.417Z",
    "end": "2022-09-24T20:16:45.216Z",
    "duration": 24799,
    "testsRegistered": 1,
    "passPercent": 100,
    "pendingPercent": 0,
    "other": 0,
    "hasOther": false,
    "skipped": 0,
    "hasSkipped": false
  },
  "results": [
    {
      "uuid": "79f13432-6c5d-4d42-ae63-03162acd1a45",
      "title": "",
      "fullFile": "cypress\\e2e\\sampleTest\\mouse_over_test.cy.js",
      "file": "cypress\\e2e\\sampleTest\\mouse_over_test.cy.js",
      "beforeHooks": [],
      "afterHooks": [],
      "tests": [],
      "suites": [
        {
          "uuid": "5c4492cd-7e0b-4e9f-87ef-740ca98cec38",
          "title": "mouse over feature",
          "fullFile": "",
          "file": "",
          "beforeHooks": [],
          "afterHooks": [],
          "tests": [
            {
              "title": "add to cart",
              "fullTitle": "mouse over feature add to cart",
              "timedOut": null,
              "duration": 20867,
              "state": "passed",
              "speed": "slow",
              "pass": true,
              "fail": false,
              "pending": false,
              "context": null,
              "code": "cy.visit('http://automationpractice.com/index.php');\ncy.get('.ajax_add_to_cart_button').first().click();\ncy.get('.cross:nth-of-type(1)').click();\ncy.wait(3000);\ncy.get('.cart_block.block').should('be.hidden').invoke('show');\ncy.get('#button_order_cart').click();\ncy.url().should('include', 'controller=order');",
              "err": {},
              "uuid": "1f15048c-13b3-49d9-8a30-50b814ea82b0",
              "parentUUID": "5c4492cd-7e0b-4e9f-87ef-740ca98cec38",
              "isHook": false,
              "skipped": false
            }
          ],
          "suites": [],
          "passes": [
            "1f15048c-13b3-49d9-8a30-50b814ea82b0"
          ],
          "failures": [],
          "pending": [],
          "skipped": [],
          "duration": 20867,
          "root": false,
          "rootEmpty": false,
          "_timeout": 2000
        }
      ],
      "passes": [],
      "failures": [],
      "pending": [],
      "skipped": [],
      "duration": 0,
      "root": true,
      "rootEmpty": true,
      "_timeout": 2000
    }
  ],
  "meta": {
    "mocha": {
      "version": "7.0.1"
    },
    "mochawesome": {
      "options": {
        "quiet": false,
        "reportFilename": "report",
        "saveHtml": true,
        "saveJson": true,
        "consoleReporter": "spec",
        "useInlineDiffs": false,
        "code": true
      },
      "version": "7.1.3"
    },
    "marge": {
      "options": {
        "reportDir": "cypress/reports",
        "reportFilename": "report",
        "overwrite": false,
        "html": true,
        "json": true,
        "charts": true
      },
      "version": "6.2.0"
    }
  }
}