{
  "stats": {
    "suites": 1,
    "tests": 1,
    "passes": 0,
    "pending": 0,
    "failures": 1,
    "start": "2022-09-25T10:00:41.555Z",
    "end": "2022-09-25T10:01:08.638Z",
    "duration": 27083,
    "testsRegistered": 1,
    "passPercent": 0,
    "pendingPercent": 0,
    "other": 0,
    "hasOther": false,
    "skipped": 0,
    "hasSkipped": false
  },
  "results": [
    {
      "uuid": "2357df6b-105d-43a2-9490-97fb6291b445",
      "title": "",
      "fullFile": "cypress\\e2e\\sampleTest\\automation_practice_test.cy.js",
      "file": "cypress\\e2e\\sampleTest\\automation_practice_test.cy.js",
      "beforeHooks": [],
      "afterHooks": [],
      "tests": [],
      "suites": [
        {
          "uuid": "121bcf0a-6608-4635-b81d-e24abe7f73f5",
          "title": "test to check reusable commands",
          "fullFile": "",
          "file": "",
          "beforeHooks": [],
          "afterHooks": [],
          "tests": [
            {
              "title": "test commands",
              "fullTitle": "test to check reusable commands test commands",
              "timedOut": null,
              "duration": 21746,
              "state": "failed",
              "speed": null,
              "pass": false,
              "fail": true,
              "pending": false,
              "context": null,
              "code": "cy.visit('http://automationpractice.com/index.php');\ncy.login('harshitgaur.bhardwaj@gmail.com', 'Harshit@1234');",
              "err": {
                "message": "AssertionError: Timed out retrying after 4000ms: Expected to find element: `#password`, but never found it.",
                "estack": "AssertionError: Timed out retrying after 4000ms: Expected to find element: `#password`, but never found it.\n    at Context.eval (webpack:///./cypress/support/commands.js:35:7)",
                "diff": null
              },
              "uuid": "5a0e73bd-3afc-4e57-97e0-4fa3a41af852",
              "parentUUID": "121bcf0a-6608-4635-b81d-e24abe7f73f5",
              "isHook": false,
              "skipped": false
            }
          ],
          "suites": [],
          "passes": [],
          "failures": [
            "5a0e73bd-3afc-4e57-97e0-4fa3a41af852"
          ],
          "pending": [],
          "skipped": [],
          "duration": 21746,
          "root": false,
          "rootEmpty": false,
          "_timeout": 2000
        }
      ],
      "passes": [],
      "failures": [],
      "pending": [],
      "skipped": [],
      "duration": 0,
      "root": true,
      "rootEmpty": true,
      "_timeout": 2000
    }
  ],
  "meta": {
    "mocha": {
      "version": "7.0.1"
    },
    "mochawesome": {
      "options": {
        "quiet": false,
        "reportFilename": "report",
        "saveHtml": true,
        "saveJson": true,
        "consoleReporter": "spec",
        "useInlineDiffs": false,
        "code": true
      },
      "version": "7.1.3"
    },
    "marge": {
      "options": {
        "reportDir": "cypress/reports",
        "reportFilename": "report",
        "overwrite": false,
        "html": true,
        "json": true,
        "charts": true
      },
      "version": "6.2.0"
    }
  }
}