{
  "stats": {
    "suites": 1,
    "tests": 1,
    "passes": 1,
    "pending": 0,
    "failures": 0,
    "start": "2022-09-24T20:16:47.351Z",
    "end": "2022-09-24T20:17:00.328Z",
    "duration": 12977,
    "testsRegistered": 1,
    "passPercent": 100,
    "pendingPercent": 0,
    "other": 0,
    "hasOther": false,
    "skipped": 0,
    "hasSkipped": false
  },
  "results": [
    {
      "uuid": "231a8b2e-12fb-46e4-96d8-4dd21d740d00",
      "title": "",
      "fullFile": "cypress\\e2e\\sampleTest\\registrationtest.cy.js",
      "file": "cypress\\e2e\\sampleTest\\registrationtest.cy.js",
      "beforeHooks": [],
      "afterHooks": [],
      "tests": [],
      "suites": [
        {
          "uuid": "bb255dcd-b0a9-49eb-b7ec-3e96acd8dfb7",
          "title": "free crm app",
          "fullFile": "",
          "file": "",
          "beforeHooks": [],
          "afterHooks": [],
          "tests": [
            {
              "title": "registration test",
              "fullTitle": "free crm app registration test",
              "timedOut": null,
              "duration": 10318,
              "state": "passed",
              "speed": "slow",
              "pass": true,
              "fail": false,
              "pending": false,
              "context": null,
              "code": "cy.visit('https://classic.freecrm.com/register/');\ncy.get('title:nth-of-type(1)').should('have.text', '\\n\\t\\t\\tFree CRM - CRM Pro for customer relationship management, sales, and support\\n\\t\\t');\ncy.get('select#payment_plan_id').select('Free Edition').should('have.value', '1');\ncy.get('input[name=\"first_name\"]').type('Harshit');\ncy.get('input[name=\"surname\"]').type('Bhardwaj');\ncy.get('input[name=\"email\"]').type('harshitgaur.bhardwaj@gmail.com');\ncy.get('input[name=\"email_confirm\"]').type('harshitgaur.bhardwaj@gmail.com');\ncy.get('input[name=\"username\"]').type('HarshAutomation');\ncy.get('input[name=\"password\"]').type('Harsh@123');\ncy.get('input[name=\"passwordconfirm\"]').type('Harsh@123');\ncy.get('input[name=\"agreeTerms\"]').check();\ncy.get(\"button#submitButton\").click();",
              "err": {},
              "uuid": "92774a52-b6a5-4b33-a02a-5328f5f16c0a",
              "parentUUID": "bb255dcd-b0a9-49eb-b7ec-3e96acd8dfb7",
              "isHook": false,
              "skipped": false
            }
          ],
          "suites": [],
          "passes": [
            "92774a52-b6a5-4b33-a02a-5328f5f16c0a"
          ],
          "failures": [],
          "pending": [],
          "skipped": [],
          "duration": 10318,
          "root": false,
          "rootEmpty": false,
          "_timeout": 2000
        }
      ],
      "passes": [],
      "failures": [],
      "pending": [],
      "skipped": [],
      "duration": 0,
      "root": true,
      "rootEmpty": true,
      "_timeout": 2000
    }
  ],
  "meta": {
    "mocha": {
      "version": "7.0.1"
    },
    "mochawesome": {
      "options": {
        "quiet": false,
        "reportFilename": "report",
        "saveHtml": true,
        "saveJson": true,
        "consoleReporter": "spec",
        "useInlineDiffs": false,
        "code": true
      },
      "version": "7.1.3"
    },
    "marge": {
      "options": {
        "reportDir": "cypress/reports",
        "reportFilename": "report",
        "overwrite": false,
        "html": true,
        "json": true,
        "charts": true
      },
      "version": "6.2.0"
    }
  }
}