{
  "stats": {
    "suites": 1,
    "tests": 1,
    "passes": 1,
    "pending": 0,
    "failures": 0,
    "start": "2022-09-24T20:15:54.270Z",
    "end": "2022-09-24T20:15:57.604Z",
    "duration": 3334,
    "testsRegistered": 1,
    "passPercent": 100,
    "pendingPercent": 0,
    "other": 0,
    "hasOther": false,
    "skipped": 0,
    "hasSkipped": false
  },
  "results": [
    {
      "uuid": "bae6667e-9a44-47ae-b102-d8ecd6c54758",
      "title": "",
      "fullFile": "cypress\\e2e\\sampleTest\\app.hubspot_login.cy.js",
      "file": "cypress\\e2e\\sampleTest\\app.hubspot_login.cy.js",
      "beforeHooks": [],
      "afterHooks": [],
      "tests": [],
      "suites": [
        {
          "uuid": "ce562858-b670-4688-b72e-c30504ecafdf",
          "title": "hub spot page feature",
          "fullFile": "",
          "file": "",
          "beforeHooks": [],
          "afterHooks": [],
          "tests": [
            {
              "title": "handle hub spot login test",
              "fullTitle": "hub spot page feature handle hub spot login test",
              "timedOut": null,
              "duration": 1727,
              "state": "passed",
              "speed": "fast",
              "pass": true,
              "fail": false,
              "pending": false,
              "context": null,
              "code": "cy.visit('https://app.hubspot.com/login');\ncy.get('#username').type('naveenanimation30@gmail.com');\ncy.get('#password').type('naveen@g1234');\ncy.get('#loginBtn').click();",
              "err": {},
              "uuid": "6eb0e509-27d1-4fd2-9f8c-d680529ac7e9",
              "parentUUID": "ce562858-b670-4688-b72e-c30504ecafdf",
              "isHook": false,
              "skipped": false
            }
          ],
          "suites": [],
          "passes": [
            "6eb0e509-27d1-4fd2-9f8c-d680529ac7e9"
          ],
          "failures": [],
          "pending": [],
          "skipped": [],
          "duration": 1727,
          "root": false,
          "rootEmpty": false,
          "_timeout": 2000
        }
      ],
      "passes": [],
      "failures": [],
      "pending": [],
      "skipped": [],
      "duration": 0,
      "root": true,
      "rootEmpty": true,
      "_timeout": 2000
    }
  ],
  "meta": {
    "mocha": {
      "version": "7.0.1"
    },
    "mochawesome": {
      "options": {
        "quiet": false,
        "reportFilename": "report",
        "saveHtml": true,
        "saveJson": true,
        "consoleReporter": "spec",
        "useInlineDiffs": false,
        "code": true
      },
      "version": "7.1.3"
    },
    "marge": {
      "options": {
        "reportDir": "cypress/reports",
        "reportFilename": "report",
        "overwrite": false,
        "html": true,
        "json": true,
        "charts": true
      },
      "version": "6.2.0"
    }
  }
}