{
  "stats": {
    "suites": 1,
    "tests": 1,
    "passes": 1,
    "pending": 0,
    "failures": 0,
    "start": "2022-09-25T10:02:44.669Z",
    "end": "2022-09-25T10:03:09.221Z",
    "duration": 24552,
    "testsRegistered": 1,
    "passPercent": 100,
    "pendingPercent": 0,
    "other": 0,
    "hasOther": false,
    "skipped": 0,
    "hasSkipped": false
  },
  "results": [
    {
      "uuid": "b457c3a4-e00f-41e9-847e-23661ba1bba5",
      "title": "",
      "fullFile": "cypress\\e2e\\sampleTest\\automation_practice_test.cy.js",
      "file": "cypress\\e2e\\sampleTest\\automation_practice_test.cy.js",
      "beforeHooks": [],
      "afterHooks": [],
      "tests": [],
      "suites": [
        {
          "uuid": "79ac5ee6-a021-4234-95f3-cf993e240efc",
          "title": "test to check reusable commands",
          "fullFile": "",
          "file": "",
          "beforeHooks": [],
          "afterHooks": [],
          "tests": [
            {
              "title": "test commands",
              "fullTitle": "test to check reusable commands test commands",
              "timedOut": null,
              "duration": 18847,
              "state": "passed",
              "speed": "slow",
              "pass": true,
              "fail": false,
              "pending": false,
              "context": null,
              "code": "cy.visit('http://automationpractice.com/index.php');\ncy.login('harshitgaur.bhardwaj@gmail.com', 'Harshit@1234');",
              "err": {},
              "uuid": "73fc4d69-ff4f-49c3-b41a-74ad37a90cb3",
              "parentUUID": "79ac5ee6-a021-4234-95f3-cf993e240efc",
              "isHook": false,
              "skipped": false
            }
          ],
          "suites": [],
          "passes": [
            "73fc4d69-ff4f-49c3-b41a-74ad37a90cb3"
          ],
          "failures": [],
          "pending": [],
          "skipped": [],
          "duration": 18847,
          "root": false,
          "rootEmpty": false,
          "_timeout": 2000
        }
      ],
      "passes": [],
      "failures": [],
      "pending": [],
      "skipped": [],
      "duration": 0,
      "root": true,
      "rootEmpty": true,
      "_timeout": 2000
    }
  ],
  "meta": {
    "mocha": {
      "version": "7.0.1"
    },
    "mochawesome": {
      "options": {
        "quiet": false,
        "reportFilename": "report",
        "saveHtml": true,
        "saveJson": true,
        "consoleReporter": "spec",
        "useInlineDiffs": false,
        "code": true
      },
      "version": "7.1.3"
    },
    "marge": {
      "options": {
        "reportDir": "cypress/reports",
        "reportFilename": "report",
        "overwrite": false,
        "html": true,
        "json": true,
        "charts": true
      },
      "version": "6.2.0"
    }
  }
}